2025-05-09 20:20:00 | WARN | repo=pv243-a4m36jee-2018-security-seminar | action=test | passed=true
2025-07-25 15:24:00 | INFO | repo=pv243-a4m36jee-2018-security-seminar | action=commit
2025-02-11 21:07:00 | INFO | repo=pv243-a4m36jee-2018-security-seminar | action=commit
2025-04-02 10:12:00 | DEBUG | repo=pv243-a4m36jee-2018-security-seminar | action=commit
2025-08-15 10:49:00 | WARN | repo=pv243-a4m36jee-2018-security-seminar | action=pull
2025-11-05 09:07:00 | INFO | repo=pv243-a4m36jee-2018-security-seminar | action=commit
2025-06-13 09:36:00 | INFO | repo=pv243-a4m36jee-2018-security-seminar | action=commit
2025-01-23 11:15:00 | DEBUG | repo=pv243-a4m36jee-2018-security-seminar | action=test | passed=true
2025-06-12 15:20:00 | DEBUG | repo=pv243-a4m36jee-2018-security-seminar | action=test | passed=true
2025-06-15 19:51:00 | INFO | repo=pv243-a4m36jee-2018-security-seminar | action=commit
2025-04-24 10:15:00 | DEBUG | repo=pv243-a4m36jee-2018-security-seminar | action=pull
2025-05-24 13:02:00 | DEBUG | repo=pv243-a4m36jee-2018-security-seminar | action=commit
2025-10-23 07:02:00 | WARN | repo=pv243-a4m36jee-2018-security-seminar | action=commit
2025-09-12 18:28:00 | INFO | repo=pv243-a4m36jee-2018-security-seminar | action=commit
2025-09-19 18:36:00 | DEBUG | repo=pv243-a4m36jee-2018-security-seminar | action=pull
2025-09-04 12:30:00 | INFO | repo=pv243-a4m36jee-2018-security-seminar | action=edit | files=3
2025-01-12 17:58:00 | INFO | repo=pv243-a4m36jee-2018-security-seminar | action=commit
2025-04-21 12:35:00 | WARN | repo=pv243-a4m36jee-2018-security-seminar | action=test | passed=true
2025-02-23 19:29:00 | DEBUG | repo=pv243-a4m36jee-2018-security-seminar | action=commit
2025-02-02 07:04:00 | WARN | repo=pv243-a4m36jee-2018-security-seminar | action=commit
2025-06-06 08:34:00 | INFO | repo=pv243-a4m36jee-2018-security-seminar | action=commit
2025-07-15 21:18:00 | WARN | repo=pv243-a4m36jee-2018-security-seminar | action=commit
2025-01-25 14:42:00 | INFO | repo=pv243-a4m36jee-2018-security-seminar | action=commit
2025-06-10 18:21:00 | INFO | repo=pv243-a4m36jee-2018-security-seminar | action=commit
2025-10-14 13:41:00 | WARN | repo=pv243-a4m36jee-2018-security-seminar | action=commit
2025-04-24 18:51:00 | DEBUG | repo=pv243-a4m36jee-2018-security-seminar | action=commit
2025-03-21 08:51:00 | DEBUG | repo=pv243-a4m36jee-2018-security-seminar | action=commit
2025-04-06 20:34:00 | DEBUG | repo=pv243-a4m36jee-2018-security-seminar | action=commit
2025-07-12 08:11:00 | INFO | repo=pv243-a4m36jee-2018-security-seminar | action=commit
2025-05-04 17:05:00 | WARN | repo=pv243-a4m36jee-2018-security-seminar | action=commit
2025-10-12 13:45:00 | DEBUG | repo=pv243-a4m36jee-2018-security-seminar | action=edit | files=5
2025-06-18 10:13:00 | DEBUG | repo=pv243-a4m36jee-2018-security-seminar | action=commit
2025-01-24 17:29:00 | WARN | repo=pv243-a4m36jee-2018-security-seminar | action=commit
2025-12-26 08:04:00 | DEBUG | repo=pv243-a4m36jee-2018-security-seminar | action=commit
2025-07-09 20:52:00 | WARN | repo=pv243-a4m36jee-2018-security-seminar | action=commit
2025-04-14 20:38:00 | DEBUG | repo=pv243-a4m36jee-2018-security-seminar | action=commit
2025-10-14 11:26:00 | DEBUG | repo=pv243-a4m36jee-2018-security-seminar | action=test | passed=true
2025-09-27 16:26:00 | INFO | repo=pv243-a4m36jee-2018-security-seminar | action=commit
2025-12-22 20:54:00 | WARN | repo=pv243-a4m36jee-2018-security-seminar | action=commit
2025-01-22 07:30:00 | DEBUG | repo=pv243-a4m36jee-2018-security-seminar | action=commit
2025-10-10 16:53:00 | INFO | repo=pv243-a4m36jee-2018-security-seminar | action=edit | files=1
2025-07-02 08:54:00 | INFO | repo=pv243-a4m36jee-2018-security-seminar | action=commit
2025-03-15 16:33:00 | INFO | repo=pv243-a4m36jee-2018-security-seminar | action=commit
2025-01-24 20:50:00 | DEBUG | repo=pv243-a4m36jee-2018-security-seminar | action=commit
2025-09-11 10:58:00 | DEBUG | repo=pv243-a4m36jee-2018-security-seminar | action=commit
2025-11-07 20:38:00 | INFO | repo=pv243-a4m36jee-2018-security-seminar | action=commit
2025-01-17 18:02:00 | INFO | repo=pv243-a4m36jee-2018-security-seminar | action=test | passed=true
2025-09-02 20:43:00 | WARN | repo=pv243-a4m36jee-2018-security-seminar | action=commit
2025-06-20 07:27:00 | INFO | repo=pv243-a4m36jee-2018-security-seminar | action=commit
2025-12-04 18:42:00 | DEBUG | repo=pv243-a4m36jee-2018-security-seminar | action=commit
2025-09-10 18:39:00 | DEBUG | repo=pv243-a4m36jee-2018-security-seminar | action=commit
2025-12-08 16:06:00 | INFO | repo=pv243-a4m36jee-2018-security-seminar | action=pull
2025-06-08 20:07:00 | INFO | repo=pv243-a4m36jee-2018-security-seminar | action=commit
2025-12-15 18:35:00 | DEBUG | repo=pv243-a4m36jee-2018-security-seminar | action=commit
2025-01-01 16:16:00 | DEBUG | repo=pv243-a4m36jee-2018-security-seminar | action=commit
2025-11-01 13:34:00 | WARN | repo=pv243-a4m36jee-2018-security-seminar | action=commit
2025-12-23 14:09:00 | INFO | repo=pv243-a4m36jee-2018-security-seminar | action=commit
2025-04-07 09:51:00 | DEBUG | repo=pv243-a4m36jee-2018-security-seminar | action=commit
2025-04-28 21:44:00 | DEBUG | repo=pv243-a4m36jee-2018-security-seminar | action=commit
2025-02-05 15:36:00 | INFO | repo=pv243-a4m36jee-2018-security-seminar | action=commit
2025-05-18 20:14:00 | WARN | repo=pv243-a4m36jee-2018-security-seminar | action=commit
2025-07-09 16:28:00 | DEBUG | repo=pv243-a4m36jee-2018-security-seminar | action=commit
2025-01-21 11:05:00 | DEBUG | repo=pv243-a4m36jee-2018-security-seminar | action=commit
2025-06-05 19:26:00 | WARN | repo=pv243-a4m36jee-2018-security-seminar | action=commit
2025-09-26 13:49:00 | INFO | repo=pv243-a4m36jee-2018-security-seminar | action=test | passed=true
2025-04-11 15:16:00 | DEBUG | repo=pv243-a4m36jee-2018-security-seminar | action=commit
2025-01-05 09:07:00 | DEBUG | repo=pv243-a4m36jee-2018-security-seminar | action=commit
2025-06-05 11:08:00 | INFO | repo=pv243-a4m36jee-2018-security-seminar | action=commit
2025-02-22 18:10:00 | INFO | repo=pv243-a4m36jee-2018-security-seminar | action=pull
2025-03-25 12:24:00 | WARN | repo=pv243-a4m36jee-2018-security-seminar | action=commit
2025-06-21 10:19:00 | DEBUG | repo=pv243-a4m36jee-2018-security-seminar | action=commit
2025-06-03 07:35:00 | DEBUG | repo=pv243-a4m36jee-2018-security-seminar | action=pull
2025-03-01 18:28:00 | WARN | repo=pv243-a4m36jee-2018-security-seminar | action=commit
2025-12-17 07:01:00 | WARN | repo=pv243-a4m36jee-2018-security-seminar | action=commit
2025-08-14 09:48:00 | WARN | repo=pv243-a4m36jee-2018-security-seminar | action=commit
2025-10-08 19:45:00 | WARN | repo=pv243-a4m36jee-2018-security-seminar | action=commit
2025-04-28 09:23:00 | INFO | repo=pv243-a4m36jee-2018-security-seminar | action=commit
2025-05-23 13:11:00 | WARN | repo=pv243-a4m36jee-2018-security-seminar | action=commit
2025-02-22 13:16:00 | DEBUG | repo=pv243-a4m36jee-2018-security-seminar | action=commit
2025-03-26 08:41:00 | WARN | repo=pv243-a4m36jee-2018-security-seminar | action=commit
2025-10-09 19:23:00 | WARN | repo=pv243-a4m36jee-2018-security-seminar | action=commit
2025-11-23 16:05:00 | INFO | repo=pv243-a4m36jee-2018-security-seminar | action=commit
2025-01-10 11:16:00 | DEBUG | repo=pv243-a4m36jee-2018-security-seminar | action=commit
2025-11-21 18:08:00 | DEBUG | repo=pv243-a4m36jee-2018-security-seminar | action=commit
2025-12-20 07:25:00 | INFO | repo=pv243-a4m36jee-2018-security-seminar | action=commit
2025-03-13 10:01:00 | INFO | repo=pv243-a4m36jee-2018-security-seminar | action=commit
2025-08-14 08:52:00 | WARN | repo=pv243-a4m36jee-2018-security-seminar | action=commit
2025-03-25 09:51:00 | INFO | repo=pv243-a4m36jee-2018-security-seminar | action=commit
2025-11-04 20:20:00 | INFO | repo=pv243-a4m36jee-2018-security-seminar | action=commit
2025-05-04 17:30:00 | WARN | repo=pv243-a4m36jee-2018-security-seminar | action=commit
2025-02-06 07:28:00 | INFO | repo=pv243-a4m36jee-2018-security-seminar | action=test | passed=true
2025-02-24 21:07:00 | DEBUG | repo=pv243-a4m36jee-2018-security-seminar | action=pull
2025-06-16 10:28:00 | DEBUG | repo=pv243-a4m36jee-2018-security-seminar | action=test | passed=true
2025-09-23 14:21:00 | INFO | repo=pv243-a4m36jee-2018-security-seminar | action=commit
2025-03-01 09:43:00 | INFO | repo=pv243-a4m36jee-2018-security-seminar | action=commit
2025-01-25 14:30:00 | INFO | repo=pv243-a4m36jee-2018-security-seminar | action=pull
2025-08-05 21:08:00 | INFO | repo=pv243-a4m36jee-2018-security-seminar | action=commit
2025-02-11 12:15:00 | DEBUG | repo=pv243-a4m36jee-2018-security-seminar | action=commit
2025-05-25 12:25:00 | DEBUG | repo=pv243-a4m36jee-2018-security-seminar | action=commit
2025-09-26 18:13:00 | INFO | repo=pv243-a4m36jee-2018-security-seminar | action=commit
2025-09-25 18:57:00 | WARN | repo=pv243-a4m36jee-2018-security-seminar | action=edit | files=4
2025-06-05 21:01:00 | INFO | repo=pv243-a4m36jee-2018-security-seminar | action=commit
2025-06-02 16:45:00 | DEBUG | repo=pv243-a4m36jee-2018-security-seminar | action=commit
2025-12-18 08:12:00 | WARN | repo=pv243-a4m36jee-2018-security-seminar | action=commit
2025-02-19 15:28:00 | DEBUG | repo=pv243-a4m36jee-2018-security-seminar | action=edit | files=2
2025-11-13 09:37:00 | WARN | repo=pv243-a4m36jee-2018-security-seminar | action=commit
2025-09-03 08:11:00 | WARN | repo=pv243-a4m36jee-2018-security-seminar | action=commit
2025-06-13 08:37:00 | DEBUG | repo=pv243-a4m36jee-2018-security-seminar | action=commit
2025-06-03 13:41:00 | DEBUG | repo=pv243-a4m36jee-2018-security-seminar | action=commit
2025-11-26 12:40:00 | DEBUG | repo=pv243-a4m36jee-2018-security-seminar | action=test | passed=true
2025-08-07 13:00:00 | WARN | repo=pv243-a4m36jee-2018-security-seminar | action=commit
2025-02-06 14:05:00 | DEBUG | repo=pv243-a4m36jee-2018-security-seminar | action=commit
2025-04-03 20:00:00 | DEBUG | repo=pv243-a4m36jee-2018-security-seminar | action=commit
2025-09-16 09:56:00 | WARN | repo=pv243-a4m36jee-2018-security-seminar | action=commit
2025-05-23 08:31:00 | WARN | repo=pv243-a4m36jee-2018-security-seminar | action=commit
2025-07-11 11:33:00 | WARN | repo=pv243-a4m36jee-2018-security-seminar | action=commit
2025-04-18 19:23:00 | WARN | repo=pv243-a4m36jee-2018-security-seminar | action=test | passed=true
2025-03-18 20:59:00 | WARN | repo=pv243-a4m36jee-2018-security-seminar | action=commit
2025-11-22 08:26:00 | DEBUG | repo=pv243-a4m36jee-2018-security-seminar | action=test | passed=true
2025-09-14 21:16:00 | DEBUG | repo=pv243-a4m36jee-2018-security-seminar | action=commit
2025-12-03 19:08:00 | DEBUG | repo=pv243-a4m36jee-2018-security-seminar | action=test | passed=true
2025-11-09 13:05:00 | DEBUG | repo=pv243-a4m36jee-2018-security-seminar | action=commit
2025-07-03 21:06:00 | WARN | repo=pv243-a4m36jee-2018-security-seminar | action=commit
